# JRE version: OpenJDK Runtime Environment (7.0_101) (build 1.7.0_101-b00)
# Java VM: OpenJDK 64-Bit Server VM (24.95-b01 mixed mode linux-amd64 compressed oops)
Heap
 PSYoungGen      total 233472K, used 142328K [0x00000000eaa80000, 0x00000000fef80000, 0x0000000100000000)
  eden space 221184K, 58% used [0x00000000eaa80000,0x00000000f299e3a8,0x00000000f8280000)
  from space 12288K, 98% used [0x00000000f8a00000,0x00000000f95e0000,0x00000000f9600000)
  to   space 55808K, 0% used [0x00000000fb900000,0x00000000fb900000,0x00000000fef80000)
 ParOldGen       total 329728K, used 204472K [0x00000000c0000000, 0x00000000d4200000, 0x00000000eaa80000)
  object space 329728K, 62% used [0x00000000c0000000,0x00000000cc7ae368,0x00000000d4200000)
 PSPermGen       total 39424K, used 19118K [0x00000000b5a00000, 0x00000000b8080000, 0x00000000c0000000)
  object space 39424K, 48% used [0x00000000b5a00000,0x00000000b6cab940,0x00000000b8080000)
GC Heap History (10 events):
Event: 4402,360 GC heap before
{Heap before GC invocations=21 (full 3):
 PSYoungGen      total 272384K, used 233301K [0x00000000eaa80000, 0x0000000100000000, 0x0000000100000000)
  eden space 221696K, 100% used [0x00000000eaa80000,0x00000000f8300000,0x00000000f8300000)
  from space 50688K, 22% used [0x00000000fce80000,0x00000000fd9d5550,0x0000000100000000)
  to   space 64000K, 0% used [0x00000000f8300000,0x00000000f8300000,0x00000000fc180000)
 ParOldGen       total 329728K, used 204464K [0x00000000c0000000, 0x00000000d4200000, 0x00000000eaa80000)
  object space 329728K, 62% used [0x00000000c0000000,0x00000000cc7ac368,0x00000000d4200000)
 PSPermGen       total 39424K, used 18902K [0x00000000b5a00000, 0x00000000b8080000, 0x00000000c0000000)
  object space 39424K, 47% used [0x00000000b5a00000,0x00000000b6c75b48,0x00000000b8080000)
Event: 4402,415 GC heap after
Heap after GC invocations=21 (full 3):
 PSYoungGen      total 285696K, used 11936K [0x00000000eaa80000, 0x0000000100000000, 0x0000000100000000)
  eden space 221696K, 0% used [0x00000000eaa80000,0x00000000eaa80000,0x00000000f8300000)
  from space 64000K, 18% used [0x00000000f8300000,0x00000000f8ea8000,0x00000000fc180000)
  to   space 62976K, 0% used [0x00000000fc280000,0x00000000fc280000,0x0000000100000000)
 ParOldGen       total 329728K, used 204472K [0x00000000c0000000, 0x00000000d4200000, 0x00000000eaa80000)
  object space 329728K, 62% used [0x00000000c0000000,0x00000000cc7ae368,0x00000000d4200000)
 PSPermGen       total 39424K, used 18902K [0x00000000b5a00000, 0x00000000b8080000, 0x00000000c0000000)
  object space 39424K, 47% used [0x00000000b5a00000,0x00000000b6c75b48,0x00000000b8080000)
}
Event: 14628,366 GC heap before
{Heap before GC invocations=22 (full 3):
 PSYoungGen      total 285696K, used 233632K [0x00000000eaa80000, 0x0000000100000000, 0x0000000100000000)
  eden space 221696K, 100% used [0x00000000eaa80000,0x00000000f8300000,0x00000000f8300000)
  from space 64000K, 18% used [0x00000000f8300000,0x00000000f8ea8000,0x00000000fc180000)
  to   space 62976K, 0% used [0x00000000fc280000,0x00000000fc280000,0x0000000100000000)
 ParOldGen       total 329728K, used 204472K [0x00000000c0000000, 0x00000000d4200000, 0x00000000eaa80000)
  object space 329728K, 62% used [0x00000000c0000000,0x00000000cc7ae368,0x00000000d4200000)
 PSPermGen       total 39424K, used 18944K [0x00000000b5a00000, 0x00000000b8080000, 0x00000000c0000000)
  object space 39424K, 48% used [0x00000000b5a00000,0x00000000b6c80190,0x00000000b8080000)
Event: 14628,396 GC heap after
Heap after GC invocations=22 (full 3):
 PSYoungGen      total 281600K, used 12000K [0x00000000eaa80000, 0x00000000ffc00000, 0x0000000100000000)
  eden space 222720K, 0% used [0x00000000eaa80000,0x00000000eaa80000,0x00000000f8400000)
  from space 58880K, 20% used [0x00000000fc280000,0x00000000fce38000,0x00000000ffc00000)
  to   space 61440K, 0% used [0x00000000f8400000,0x00000000f8400000,0x00000000fc000000)
 ParOldGen       total 329728K, used 204472K [0x00000000c0000000, 0x00000000d4200000, 0x00000000eaa80000)
  object space 329728K, 62% used [0x00000000c0000000,0x00000000cc7ae368,0x00000000d4200000)
 PSPermGen       total 39424K, used 18944K [0x00000000b5a00000, 0x00000000b8080000, 0x00000000c0000000)
  object space 39424K, 48% used [0x00000000b5a00000,0x00000000b6c80190,0x00000000b8080000)
}
Event: 15024,421 GC heap before
{Heap before GC invocations=23 (full 3):
 PSYoungGen      total 281600K, used 234720K [0x00000000eaa80000, 0x00000000ffc00000, 0x0000000100000000)
  eden space 222720K, 100% used [0x00000000eaa80000,0x00000000f8400000,0x00000000f8400000)
  from space 58880K, 20% used [0x00000000fc280000,0x00000000fce38000,0x00000000ffc00000)
  to   space 61440K, 0% used [0x00000000f8400000,0x00000000f8400000,0x00000000fc000000)
 ParOldGen       total 329728K, used 204472K [0x00000000c0000000, 0x00000000d4200000, 0x00000000eaa80000)
  object space 329728K, 62% used [0x00000000c0000000,0x00000000cc7ae368,0x00000000d4200000)
 PSPermGen       total 39424K, used 18974K [0x00000000b5a00000, 0x00000000b8080000, 0x00000000c0000000)
  object space 39424K, 48% used [0x00000000b5a00000,0x00000000b6c87af0,0x00000000b8080000)
Event: 15024,436 GC heap after
Heap after GC invocations=23 (full 3):
 PSYoungGen      total 284160K, used 12064K [0x00000000eaa80000, 0x00000000ffe80000, 0x0000000100000000)
  eden space 222720K, 0% used [0x00000000eaa80000,0x00000000eaa80000,0x00000000f8400000)
  from space 61440K, 19% used [0x00000000f8400000,0x00000000f8fc8000,0x00000000fc000000)
  to   space 59392K, 0% used [0x00000000fc480000,0x00000000fc480000,0x00000000ffe80000)
 ParOldGen       total 329728K, used 204472K [0x00000000c0000000, 0x00000000d4200000, 0x00000000eaa80000)
  object space 329728K, 62% used [0x00000000c0000000,0x00000000cc7ae368,0x00000000d4200000)
 PSPermGen       total 39424K, used 18974K [0x00000000b5a00000, 0x00000000b8080000, 0x00000000c0000000)
  object space 39424K, 48% used [0x00000000b5a00000,0x00000000b6c87af0,0x00000000b8080000)
}
Event: 26930,782 GC heap before
{Heap before GC invocations=24 (full 3):
 PSYoungGen      total 284160K, used 234784K [0x00000000eaa80000, 0x00000000ffe80000, 0x0000000100000000)
  eden space 222720K, 100% used [0x00000000eaa80000,0x00000000f8400000,0x00000000f8400000)
  from space 61440K, 19% used [0x00000000f8400000,0x00000000f8fc8000,0x00000000fc000000)
  to   space 59392K, 0% used [0x00000000fc480000,0x00000000fc480000,0x00000000ffe80000)
 ParOldGen       total 329728K, used 204472K [0x00000000c0000000, 0x00000000d4200000, 0x00000000eaa80000)
  object space 329728K, 62% used [0x00000000c0000000,0x00000000cc7ae368,0x00000000d4200000)
 PSPermGen       total 39424K, used 19048K [0x00000000b5a00000, 0x00000000b8080000, 0x00000000c0000000)
  object space 39424K, 48% used [0x00000000b5a00000,0x00000000b6c9a0c0,0x00000000b8080000)
Event: 26930,805 GC heap after
Heap after GC invocations=24 (full 3):
 PSYoungGen      total 283648K, used 12160K [0x00000000eaa80000, 0x00000000ffa00000, 0x0000000100000000)
  eden space 228864K, 0% used [0x00000000eaa80000,0x00000000eaa80000,0x00000000f8a00000)
  from space 54784K, 22% used [0x00000000fc480000,0x00000000fd060000,0x00000000ffa00000)
  to   space 57344K, 0% used [0x00000000f8a00000,0x00000000f8a00000,0x00000000fc200000)
 ParOldGen       total 329728K, used 204472K [0x00000000c0000000, 0x00000000d4200000, 0x00000000eaa80000)
  object space 329728K, 62% used [0x00000000c0000000,0x00000000cc7ae368,0x00000000d4200000)
 PSPermGen       total 39424K, used 19048K [0x00000000b5a00000, 0x00000000b8080000, 0x00000000c0000000)
  object space 39424K, 48% used [0x00000000b5a00000,0x00000000b6c9a0c0,0x00000000b8080000)
}
Event: 45481,821 GC heap before
{Heap before GC invocations=25 (full 3):
 PSYoungGen      total 283648K, used 241024K [0x00000000eaa80000, 0x00000000ffa00000, 0x0000000100000000)
  eden space 228864K, 100% used [0x00000000eaa80000,0x00000000f8a00000,0x00000000f8a00000)
  from space 54784K, 22% used [0x00000000fc480000,0x00000000fd060000,0x00000000ffa00000)
  to   space 57344K, 0% used [0x00000000f8a00000,0x00000000f8a00000,0x00000000fc200000)
 ParOldGen       total 329728K, used 204472K [0x00000000c0000000, 0x00000000d4200000, 0x00000000eaa80000)
  object space 329728K, 62% used [0x00000000c0000000,0x00000000cc7ae368,0x00000000d4200000)
 PSPermGen       total 39424K, used 19077K [0x00000000b5a00000, 0x00000000b8080000, 0x00000000c0000000)
  object space 39424K, 48% used [0x00000000b5a00000,0x00000000b6ca1638,0x00000000b8080000)
Event: 45481,838 GC heap after
Heap after GC invocations=25 (full 3):
 PSYoungGen      total 233472K, used 12160K [0x00000000eaa80000, 0x00000000fef80000, 0x0000000100000000)
  eden space 221184K, 0% used [0x00000000eaa80000,0x00000000eaa80000,0x00000000f8280000)
  from space 12288K, 98% used [0x00000000f8a00000,0x00000000f95e0000,0x00000000f9600000)
  to   space 55808K, 0% used [0x00000000fb900000,0x00000000fb900000,0x00000000fef80000)
 ParOldGen       total 329728K, used 204472K [0x00000000c0000000, 0x00000000d4200000, 0x00000000eaa80000)
  object space 329728K, 62% used [0x00000000c0000000,0x00000000cc7ae368,0x00000000d4200000)
 PSPermGen       total 39424K, used 19077K [0x00000000b5a00000, 0x00000000b8080000, 0x00000000c0000000)
  object space 39424K, 48% used [0x00000000b5a00000,0x00000000b6ca1638,0x00000000b8080000)
}

