# JRE version: OpenJDK Runtime Environment (7.0_101) (build 1.7.0_101-b00)
# Java VM: OpenJDK 64-Bit Server VM (24.95-b01 mixed mode linux-amd64 compressed oops)
Heap
 PSYoungGen      total 263680K, used 156257K [0x00000000eaa80000, 0x0000000100000000, 0x0000000100000000)
  eden space 224768K, 52% used [0x00000000eaa80000,0x00000000f1d18460,0x00000000f8600000)
  from space 38912K, 100% used [0x00000000f8600000,0x00000000fac00000,0x00000000fac00000)
  to   space 62976K, 0% used [0x00000000fc280000,0x00000000fc280000,0x0000000100000000)
 ParOldGen       total 224768K, used 178204K [0x00000000c0000000, 0x00000000cdb80000, 0x00000000eaa80000)
  object space 224768K, 79% used [0x00000000c0000000,0x00000000cae07030,0x00000000cdb80000)
 PSPermGen       total 40448K, used 18291K [0x00000000b5a00000, 0x00000000b8180000, 0x00000000c0000000)
  object space 40448K, 45% used [0x00000000b5a00000,0x00000000b6bdcd30,0x00000000b8180000)
GC Heap History (10 events):
Event: 28,453 GC heap before
{Heap before GC invocations=15 (full 2):
 PSYoungGen      total 297984K, used 22112K [0x00000000eaa80000, 0x0000000100000000, 0x0000000100000000)
  eden space 246272K, 0% used [0x00000000eaa80000,0x00000000eaa80000,0x00000000f9b00000)
  from space 51712K, 42% used [0x00000000f9b00000,0x00000000fb098000,0x00000000fcd80000)
  to   space 48640K, 0% used [0x00000000fd080000,0x00000000fd080000,0x0000000100000000)
 ParOldGen       total 133120K, used 132430K [0x00000000c0000000, 0x00000000c8200000, 0x00000000eaa80000)
  object space 133120K, 99% used [0x00000000c0000000,0x00000000c8153b18,0x00000000c8200000)
 PSPermGen       total 35840K, used 18003K [0x00000000b5a00000, 0x00000000b7d00000, 0x00000000c0000000)
  object space 35840K, 50% used [0x00000000b5a00000,0x00000000b6b94c18,0x00000000b7d00000)
Event: 29,661 GC heap after
Heap after GC invocations=15 (full 2):
 PSYoungGen      total 297984K, used 20295K [0x00000000eaa80000, 0x0000000100000000, 0x0000000100000000)
  eden space 246272K, 0% used [0x00000000eaa80000,0x00000000eaa80000,0x00000000f9b00000)
  from space 51712K, 39% used [0x00000000f9b00000,0x00000000faed1fb8,0x00000000fcd80000)
  to   space 48640K, 0% used [0x00000000fd080000,0x00000000fd080000,0x0000000100000000)
 ParOldGen       total 224768K, used 132734K [0x00000000c0000000, 0x00000000cdb80000, 0x00000000eaa80000)
  object space 224768K, 59% used [0x00000000c0000000,0x00000000c819fa00,0x00000000cdb80000)
 PSPermGen       total 40448K, used 18001K [0x00000000b5a00000, 0x00000000b8180000, 0x00000000c0000000)
  object space 40448K, 44% used [0x00000000b5a00000,0x00000000b6b947b8,0x00000000b8180000)
}
Event: 33,404 GC heap before
{Heap before GC invocations=16 (full 2):
 PSYoungGen      total 297984K, used 266567K [0x00000000eaa80000, 0x0000000100000000, 0x0000000100000000)
  eden space 246272K, 100% used [0x00000000eaa80000,0x00000000f9b00000,0x00000000f9b00000)
  from space 51712K, 39% used [0x00000000f9b00000,0x00000000faed1fb8,0x00000000fcd80000)
  to   space 48640K, 0% used [0x00000000fd080000,0x00000000fd080000,0x0000000100000000)
 ParOldGen       total 224768K, used 132734K [0x00000000c0000000, 0x00000000cdb80000, 0x00000000eaa80000)
  object space 224768K, 59% used [0x00000000c0000000,0x00000000c819fa00,0x00000000cdb80000)
 PSPermGen       total 40448K, used 18048K [0x00000000b5a00000, 0x00000000b8180000, 0x00000000c0000000)
  object space 40448K, 44% used [0x00000000b5a00000,0x00000000b6ba0050,0x00000000b8180000)
Event: 33,472 GC heap after
Heap after GC invocations=16 (full 2):
 PSYoungGen      total 290816K, used 42560K [0x00000000eaa80000, 0x0000000100000000, 0x0000000100000000)
  eden space 242176K, 0% used [0x00000000eaa80000,0x00000000eaa80000,0x00000000f9700000)
  from space 48640K, 87% used [0x00000000fd080000,0x00000000ffa10000,0x0000000100000000)
  to   space 53760K, 0% used [0x00000000f9700000,0x00000000f9700000,0x00000000fcb80000)
 ParOldGen       total 224768K, used 132734K [0x00000000c0000000, 0x00000000cdb80000, 0x00000000eaa80000)
  object space 224768K, 59% used [0x00000000c0000000,0x00000000c819fa00,0x00000000cdb80000)
 PSPermGen       total 40448K, used 18048K [0x00000000b5a00000, 0x00000000b8180000, 0x00000000c0000000)
  object space 40448K, 44% used [0x00000000b5a00000,0x00000000b6ba0050,0x00000000b8180000)
}
Event: 35,785 GC heap before
{Heap before GC invocations=17 (full 2):
 PSYoungGen      total 290816K, used 284736K [0x00000000eaa80000, 0x0000000100000000, 0x0000000100000000)
  eden space 242176K, 100% used [0x00000000eaa80000,0x00000000f9700000,0x00000000f9700000)
  from space 48640K, 87% used [0x00000000fd080000,0x00000000ffa10000,0x0000000100000000)
  to   space 53760K, 0% used [0x00000000f9700000,0x00000000f9700000,0x00000000fcb80000)
 ParOldGen       total 224768K, used 132734K [0x00000000c0000000, 0x00000000cdb80000, 0x00000000eaa80000)
  object space 224768K, 59% used [0x00000000c0000000,0x00000000c819fa00,0x00000000cdb80000)
 PSPermGen       total 40448K, used 18058K [0x00000000b5a00000, 0x00000000b8180000, 0x00000000c0000000)
  object space 40448K, 44% used [0x00000000b5a00000,0x00000000b6ba2968,0x00000000b8180000)
Event: 35,840 GC heap after
Heap after GC invocations=17 (full 2):
 PSYoungGen      total 295936K, used 53760K [0x00000000eaa80000, 0x0000000100000000, 0x0000000100000000)
  eden space 242176K, 0% used [0x00000000eaa80000,0x00000000eaa80000,0x00000000f9700000)
  from space 53760K, 100% used [0x00000000f9700000,0x00000000fcb80000,0x00000000fcb80000)
  to   space 53760K, 0% used [0x00000000fcb80000,0x00000000fcb80000,0x0000000100000000)
 ParOldGen       total 224768K, used 138311K [0x00000000c0000000, 0x00000000cdb80000, 0x00000000eaa80000)
  object space 224768K, 61% used [0x00000000c0000000,0x00000000c8711c70,0x00000000cdb80000)
 PSPermGen       total 40448K, used 18058K [0x00000000b5a00000, 0x00000000b8180000, 0x00000000c0000000)
  object space 40448K, 44% used [0x00000000b5a00000,0x00000000b6ba2968,0x00000000b8180000)
}
Event: 38,821 GC heap before
{Heap before GC invocations=18 (full 2):
 PSYoungGen      total 295936K, used 295936K [0x00000000eaa80000, 0x0000000100000000, 0x0000000100000000)
  eden space 242176K, 100% used [0x00000000eaa80000,0x00000000f9700000,0x00000000f9700000)
  from space 53760K, 100% used [0x00000000f9700000,0x00000000fcb80000,0x00000000fcb80000)
  to   space 53760K, 0% used [0x00000000fcb80000,0x00000000fcb80000,0x0000000100000000)
 ParOldGen       total 224768K, used 138311K [0x00000000c0000000, 0x00000000cdb80000, 0x00000000eaa80000)
  object space 224768K, 61% used [0x00000000c0000000,0x00000000c8711c70,0x00000000cdb80000)
 PSPermGen       total 40448K, used 18066K [0x00000000b5a00000, 0x00000000b8180000, 0x00000000c0000000)
  object space 40448K, 44% used [0x00000000b5a00000,0x00000000b6ba4b58,0x00000000b8180000)
Event: 38,893 GC heap after
Heap after GC invocations=18 (full 2):
 PSYoungGen      total 278528K, used 32928K [0x00000000eaa80000, 0x0000000100000000, 0x0000000100000000)
  eden space 224768K, 0% used [0x00000000eaa80000,0x00000000eaa80000,0x00000000f8600000)
  from space 53760K, 61% used [0x00000000fcb80000,0x00000000feba8000,0x0000000100000000)
  to   space 62464K, 0% used [0x00000000f8600000,0x00000000f8600000,0x00000000fc300000)
 ParOldGen       total 224768K, used 178204K [0x00000000c0000000, 0x00000000cdb80000, 0x00000000eaa80000)
  object space 224768K, 79% used [0x00000000c0000000,0x00000000cae07030,0x00000000cdb80000)
 PSPermGen       total 40448K, used 18066K [0x00000000b5a00000, 0x00000000b8180000, 0x00000000c0000000)
  object space 40448K, 44% used [0x00000000b5a00000,0x00000000b6ba4b58,0x00000000b8180000)
}
Event: 1207,059 GC heap before
{Heap before GC invocations=19 (full 2):
 PSYoungGen      total 278528K, used 257696K [0x00000000eaa80000, 0x0000000100000000, 0x0000000100000000)
  eden space 224768K, 100% used [0x00000000eaa80000,0x00000000f8600000,0x00000000f8600000)
  from space 53760K, 61% used [0x00000000fcb80000,0x00000000feba8000,0x0000000100000000)
  to   space 62464K, 0% used [0x00000000f8600000,0x00000000f8600000,0x00000000fc300000)
 ParOldGen       total 224768K, used 178204K [0x00000000c0000000, 0x00000000cdb80000, 0x00000000eaa80000)
  object space 224768K, 79% used [0x00000000c0000000,0x00000000cae07030,0x00000000cdb80000)
 PSPermGen       total 40448K, used 18255K [0x00000000b5a00000, 0x00000000b8180000, 0x00000000c0000000)
  object space 40448K, 45% used [0x00000000b5a00000,0x00000000b6bd3c90,0x00000000b8180000)
Event: 1207,096 GC heap after
Heap after GC invocations=19 (full 2):
 PSYoungGen      total 263680K, used 38912K [0x00000000eaa80000, 0x0000000100000000, 0x0000000100000000)
  eden space 224768K, 0% used [0x00000000eaa80000,0x00000000eaa80000,0x00000000f8600000)
  from space 38912K, 100% used [0x00000000f8600000,0x00000000fac00000,0x00000000fac00000)
  to   space 62976K, 0% used [0x00000000fc280000,0x00000000fc280000,0x0000000100000000)
 ParOldGen       total 224768K, used 178204K [0x00000000c0000000, 0x00000000cdb80000, 0x00000000eaa80000)
  object space 224768K, 79% used [0x00000000c0000000,0x00000000cae07030,0x00000000cdb80000)
 PSPermGen       total 40448K, used 18255K [0x00000000b5a00000, 0x00000000b8180000, 0x00000000c0000000)
  object space 40448K, 45% used [0x00000000b5a00000,0x00000000b6bd3c90,0x00000000b8180000)
}

